2023-08-09 14:13:47 [atant] error: POST /api/users undefined Error: You have an error in your SQL syntax; check the manual that corresponds to your MySQL server version for the right syntax to use near ''user'' at line 1
    at PromisePoolConnection.query (/Users/chowonjae/Desktop/workplace/express/node_modules/mysql2/promise.js:94:22)
    at UserRepository.<anonymous> (/Users/chowonjae/Desktop/workplace/express/src/components/repository/base.repository.ts:25:44)
    at Generator.next (<anonymous>)
    at /Users/chowonjae/Desktop/workplace/express/src/components/repository/base.repository.ts:8:71
    at new Promise (<anonymous>)
    at __awaiter (/Users/chowonjae/Desktop/workplace/express/src/components/repository/base.repository.ts:4:12)
    at UserRepository.create (/Users/chowonjae/Desktop/workplace/express/src/components/repository/base.repository.ts:23:16)
    at UserService.<anonymous> (/Users/chowonjae/Desktop/workplace/express/src/components/user/service/user.service.ts:17:31)
    at Generator.next (<anonymous>)
    at fulfilled (/Users/chowonjae/Desktop/workplace/express/src/components/user/service/user.service.ts:14:58) Response: "success: false, msg: You have an error in your SQL syntax; check the manual that corresponds to your MySQL server version for the right syntax to use near ''user'' at line 1"
2023-08-09 14:20:05 [atant] error: POST /api/users undefined Error: You have an error in your SQL syntax; check the manual that corresponds to your MySQL server version for the right syntax to use near ''user'' at line 1
    at PromisePoolConnection.query (/Users/chowonjae/Desktop/workplace/express/node_modules/mysql2/promise.js:94:22)
    at UserRepository.<anonymous> (/Users/chowonjae/Desktop/workplace/express/src/components/repository/base.repository.ts:25:44)
    at Generator.next (<anonymous>)
    at /Users/chowonjae/Desktop/workplace/express/src/components/repository/base.repository.ts:8:71
    at new Promise (<anonymous>)
    at __awaiter (/Users/chowonjae/Desktop/workplace/express/src/components/repository/base.repository.ts:4:12)
    at UserRepository.create (/Users/chowonjae/Desktop/workplace/express/src/components/repository/base.repository.ts:23:16)
    at UserService.<anonymous> (/Users/chowonjae/Desktop/workplace/express/src/components/user/service/user.service.ts:17:31)
    at Generator.next (<anonymous>)
    at fulfilled (/Users/chowonjae/Desktop/workplace/express/src/components/user/service/user.service.ts:14:58) Response: "success: false, msg: You have an error in your SQL syntax; check the manual that corresponds to your MySQL server version for the right syntax to use near ''user'' at line 1"
2023-08-09 14:20:12 [atant] error: POST /api/users undefined Error: You have an error in your SQL syntax; check the manual that corresponds to your MySQL server version for the right syntax to use near ''user'' at line 1
    at PromisePoolConnection.query (/Users/chowonjae/Desktop/workplace/express/node_modules/mysql2/promise.js:94:22)
    at UserRepository.<anonymous> (/Users/chowonjae/Desktop/workplace/express/src/components/repository/base.repository.ts:25:44)
    at Generator.next (<anonymous>)
    at /Users/chowonjae/Desktop/workplace/express/src/components/repository/base.repository.ts:8:71
    at new Promise (<anonymous>)
    at __awaiter (/Users/chowonjae/Desktop/workplace/express/src/components/repository/base.repository.ts:4:12)
    at UserRepository.create (/Users/chowonjae/Desktop/workplace/express/src/components/repository/base.repository.ts:23:16)
    at UserService.<anonymous> (/Users/chowonjae/Desktop/workplace/express/src/components/user/service/user.service.ts:17:31)
    at Generator.next (<anonymous>)
    at fulfilled (/Users/chowonjae/Desktop/workplace/express/src/components/user/service/user.service.ts:14:58) Response: "success: false, msg: You have an error in your SQL syntax; check the manual that corresponds to your MySQL server version for the right syntax to use near ''user'' at line 1"
2023-08-09 14:24:43 [atant] error: POST /api/users undefined Error: You have an error in your SQL syntax; check the manual that corresponds to your MySQL server version for the right syntax to use near ''user'' at line 1
    at PromisePoolConnection.query (/Users/chowonjae/Desktop/workplace/express/node_modules/mysql2/promise.js:94:22)
    at UserRepository.<anonymous> (/Users/chowonjae/Desktop/workplace/express/src/components/repository/base.repository.ts:25:44)
    at Generator.next (<anonymous>)
    at /Users/chowonjae/Desktop/workplace/express/src/components/repository/base.repository.ts:8:71
    at new Promise (<anonymous>)
    at __awaiter (/Users/chowonjae/Desktop/workplace/express/src/components/repository/base.repository.ts:4:12)
    at UserRepository.create (/Users/chowonjae/Desktop/workplace/express/src/components/repository/base.repository.ts:23:16)
    at UserService.<anonymous> (/Users/chowonjae/Desktop/workplace/express/src/components/user/service/user.service.ts:17:31)
    at Generator.next (<anonymous>)
    at fulfilled (/Users/chowonjae/Desktop/workplace/express/src/components/user/service/user.service.ts:14:58) Response: "success: false, msg: You have an error in your SQL syntax; check the manual that corresponds to your MySQL server version for the right syntax to use near ''user'' at line 1"
2023-08-09 14:25:02 [atant] error: POST /api/users undefined Error: You have an error in your SQL syntax; check the manual that corresponds to your MySQL server version for the right syntax to use near ''user'' at line 1
    at PromisePoolConnection.query (/Users/chowonjae/Desktop/workplace/express/node_modules/mysql2/promise.js:94:22)
    at UserRepository.<anonymous> (/Users/chowonjae/Desktop/workplace/express/src/components/repository/base.repository.ts:25:44)
    at Generator.next (<anonymous>)
    at /Users/chowonjae/Desktop/workplace/express/src/components/repository/base.repository.ts:8:71
    at new Promise (<anonymous>)
    at __awaiter (/Users/chowonjae/Desktop/workplace/express/src/components/repository/base.repository.ts:4:12)
    at UserRepository.create (/Users/chowonjae/Desktop/workplace/express/src/components/repository/base.repository.ts:23:16)
    at UserService.<anonymous> (/Users/chowonjae/Desktop/workplace/express/src/components/user/service/user.service.ts:17:31)
    at Generator.next (<anonymous>)
    at fulfilled (/Users/chowonjae/Desktop/workplace/express/src/components/user/service/user.service.ts:14:58) Response: "success: false, msg: You have an error in your SQL syntax; check the manual that corresponds to your MySQL server version for the right syntax to use near ''user'' at line 1"
2023-08-09 14:26:23 [atant] error: POST /api/users undefined TypeError: userController.createUser is not a function
    at /Users/chowonjae/Desktop/workplace/express/src/components/user/router/user.router.ts:14:20
    at Layer.handle [as handle_request] (/Users/chowonjae/Desktop/workplace/express/node_modules/express/lib/router/layer.js:95:5)
    at next (/Users/chowonjae/Desktop/workplace/express/node_modules/express/lib/router/route.js:144:13)
    at validatorErrorChecker (/Users/chowonjae/Desktop/workplace/express/src/common/validation/index.ts:18:3)
    at Layer.handle [as handle_request] (/Users/chowonjae/Desktop/workplace/express/node_modules/express/lib/router/layer.js:95:5)
    at next (/Users/chowonjae/Desktop/workplace/express/node_modules/express/lib/router/route.js:144:13)
    at middleware (/Users/chowonjae/Desktop/workplace/express/node_modules/express-validator/src/middlewares/check.js:16:13)
    at processTicksAndRejections (node:internal/process/task_queues:96:5) Response: "success: false, msg: userController.createUser is not a function"
2023-08-09 14:33:02 [atant] error: POST /api/users undefined TypeError: this.userService.createUser is not a function
    at UserController.<anonymous> (/Users/chowonjae/Desktop/workplace/express/src/components/user/controller/user.controller.ts:20:28)
    at Generator.next (<anonymous>)
    at /Users/chowonjae/Desktop/workplace/express/src/components/user/controller/user.controller.ts:17:71
    at new Promise (<anonymous>)
    at __awaiter (/Users/chowonjae/Desktop/workplace/express/src/components/user/controller/user.controller.ts:13:12)
    at UserController.createUser (/Users/chowonjae/Desktop/workplace/express/src/components/user/controller/user.controller.ts:35:16)
    at UserController.<anonymous> (/Users/chowonjae/Desktop/workplace/express/src/common/decorator/try-catch.class.decorator.ts:24:35)
    at Generator.next (<anonymous>)
    at /Users/chowonjae/Desktop/workplace/express/src/common/decorator/try-catch.class.decorator.ts:8:71
    at new Promise (<anonymous>) Response: "success: false, msg: this.userService.createUser is not a function"
2023-08-09 14:34:05 [atant] error: POST /api/users undefined TypeError: this.userService.createUser is not a function
    at UserController.<anonymous> (/Users/chowonjae/Desktop/workplace/express/src/components/user/controller/user.controller.ts:20:28)
    at Generator.next (<anonymous>)
    at /Users/chowonjae/Desktop/workplace/express/src/components/user/controller/user.controller.ts:17:71
    at new Promise (<anonymous>)
    at __awaiter (/Users/chowonjae/Desktop/workplace/express/src/components/user/controller/user.controller.ts:13:12)
    at UserController.createUser (/Users/chowonjae/Desktop/workplace/express/src/components/user/controller/user.controller.ts:35:16)
    at UserController.<anonymous> (/Users/chowonjae/Desktop/workplace/express/src/common/decorator/try-catch.class.decorator.ts:24:35)
    at Generator.next (<anonymous>)
    at /Users/chowonjae/Desktop/workplace/express/src/common/decorator/try-catch.class.decorator.ts:8:71
    at new Promise (<anonymous>) Response: "success: false, msg: this.userService.createUser is not a function"
2023-08-09 14:38:55 [atant] error: POST /api/users undefined TypeError: this.userService.createUser is not a function
    at UserController.<anonymous> (/Users/chowonjae/Desktop/workplace/express/src/components/user/controller/user.controller.ts:20:28)
    at Generator.next (<anonymous>)
    at /Users/chowonjae/Desktop/workplace/express/src/components/user/controller/user.controller.ts:17:71
    at new Promise (<anonymous>)
    at __awaiter (/Users/chowonjae/Desktop/workplace/express/src/components/user/controller/user.controller.ts:13:12)
    at UserController.createUser (/Users/chowonjae/Desktop/workplace/express/src/components/user/controller/user.controller.ts:35:16)
    at UserController.<anonymous> (/Users/chowonjae/Desktop/workplace/express/src/common/decorator/try-catch.class.decorator.ts:27:35)
    at Generator.next (<anonymous>)
    at /Users/chowonjae/Desktop/workplace/express/src/common/decorator/try-catch.class.decorator.ts:8:71
    at new Promise (<anonymous>) Response: "success: false, msg: this.userService.createUser is not a function"
2023-08-09 14:42:24 [atant] error: POST /api/users undefined TypeError: Cannot read properties of undefined (reading 'createUser')
    at Function.<anonymous> (/Users/chowonjae/Desktop/workplace/express/src/components/user/controller/user.controller.ts:20:28)
    at Generator.next (<anonymous>)
    at /Users/chowonjae/Desktop/workplace/express/src/components/user/controller/user.controller.ts:17:71
    at new Promise (<anonymous>)
    at __awaiter (/Users/chowonjae/Desktop/workplace/express/src/components/user/controller/user.controller.ts:13:12)
    at Function.createUser (/Users/chowonjae/Desktop/workplace/express/src/components/user/controller/user.controller.ts:35:16)
    at UserController.<anonymous> (/Users/chowonjae/Desktop/workplace/express/src/common/decorator/try-catch.class.decorator.ts:33:35)
    at Generator.next (<anonymous>)
    at /Users/chowonjae/Desktop/workplace/express/src/common/decorator/try-catch.class.decorator.ts:8:71
    at new Promise (<anonymous>) Response: "success: false, msg: Cannot read properties of undefined (reading 'createUser')"
2023-08-09 14:42:54 [atant] error: POST /api/users undefined TypeError: this.userService.createUser is not a function
    at UserController.<anonymous> (/Users/chowonjae/Desktop/workplace/express/src/components/user/controller/user.controller.ts:20:28)
    at Generator.next (<anonymous>)
    at /Users/chowonjae/Desktop/workplace/express/src/components/user/controller/user.controller.ts:17:71
    at new Promise (<anonymous>)
    at __awaiter (/Users/chowonjae/Desktop/workplace/express/src/components/user/controller/user.controller.ts:13:12)
    at UserController.createUser (/Users/chowonjae/Desktop/workplace/express/src/components/user/controller/user.controller.ts:35:16)
    at UserController.<anonymous> (/Users/chowonjae/Desktop/workplace/express/src/common/decorator/try-catch.class.decorator.ts:33:35)
    at Generator.next (<anonymous>)
    at /Users/chowonjae/Desktop/workplace/express/src/common/decorator/try-catch.class.decorator.ts:8:71
    at new Promise (<anonymous>) Response: "success: false, msg: this.userService.createUser is not a function"
2023-08-09 14:45:31 [atant] error: POST /api/users undefined TypeError: this.userService.createUser is not a function
    at UserController.<anonymous> (/Users/chowonjae/Desktop/workplace/express/src/components/user/controller/user.controller.ts:20:28)
    at Generator.next (<anonymous>)
    at /Users/chowonjae/Desktop/workplace/express/src/components/user/controller/user.controller.ts:17:71
    at new Promise (<anonymous>)
    at __awaiter (/Users/chowonjae/Desktop/workplace/express/src/components/user/controller/user.controller.ts:13:12)
    at UserController.createUser (/Users/chowonjae/Desktop/workplace/express/src/components/user/controller/user.controller.ts:35:16)
    at UserController.<anonymous> (/Users/chowonjae/Desktop/workplace/express/src/common/decorator/try-catch.class.decorator.ts:35:35)
    at Generator.next (<anonymous>)
    at /Users/chowonjae/Desktop/workplace/express/src/common/decorator/try-catch.class.decorator.ts:8:71
    at new Promise (<anonymous>) Response: "success: false, msg: this.userService.createUser is not a function"
2023-08-09 14:57:04 [atant] error: POST /api/users undefined Error: You have an error in your SQL syntax; check the manual that corresponds to your MySQL server version for the right syntax to use near ''user'' at line 1
    at PromisePoolConnection.query (/Users/chowonjae/Desktop/workplace/express/node_modules/mysql2/promise.js:94:22)
    at UserRepository.<anonymous> (/Users/chowonjae/Desktop/workplace/express/src/components/repository/base.repository.ts:25:44)
    at Generator.next (<anonymous>)
    at /Users/chowonjae/Desktop/workplace/express/src/components/repository/base.repository.ts:8:71
    at new Promise (<anonymous>)
    at __awaiter (/Users/chowonjae/Desktop/workplace/express/src/components/repository/base.repository.ts:4:12)
    at UserRepository.create (/Users/chowonjae/Desktop/workplace/express/src/components/repository/base.repository.ts:23:16)
    at UserService.<anonymous> (/Users/chowonjae/Desktop/workplace/express/src/components/user/service/user.service.ts:17:31)
    at Generator.next (<anonymous>)
    at fulfilled (/Users/chowonjae/Desktop/workplace/express/src/components/user/service/user.service.ts:14:58) Response: "success: false, msg: You have an error in your SQL syntax; check the manual that corresponds to your MySQL server version for the right syntax to use near ''user'' at line 1"
2023-08-09 15:09:02 [atant] error: POST /api/users22 404 Error: Not Found
    at NotFoundExceptionFilter.use (/Users/chowonjae/Desktop/workplace/express/src/common/filter/not-found.exception.filter.ts:9:32)
    at /Users/chowonjae/Desktop/workplace/express/src/loaders/express.ts:40:29
    at Layer.handle [as handle_request] (/Users/chowonjae/Desktop/workplace/express/node_modules/express/lib/router/layer.js:95:5)
    at trim_prefix (/Users/chowonjae/Desktop/workplace/express/node_modules/express/lib/router/index.js:328:13)
    at /Users/chowonjae/Desktop/workplace/express/node_modules/express/lib/router/index.js:286:9
    at Function.process_params (/Users/chowonjae/Desktop/workplace/express/node_modules/express/lib/router/index.js:346:12)
    at next (/Users/chowonjae/Desktop/workplace/express/node_modules/express/lib/router/index.js:280:10)
    at LoggerMiddleware.use (/Users/chowonjae/Desktop/workplace/express/src/common/middleware/logger.middleware.ts:28:5)
    at /Users/chowonjae/Desktop/workplace/express/src/loaders/express.ts:33:22
    at Layer.handle [as handle_request] (/Users/chowonjae/Desktop/workplace/express/node_modules/express/lib/router/layer.js:95:5) Response: "success: false, msg: Not Found"
2023-08-09 15:09:49 [atant] error: POST /api/users22 404 Error: POST /api/users22 Not Found
    at NotFoundExceptionFilter.use (/Users/chowonjae/Desktop/workplace/express/src/common/filter/not-found.exception.filter.ts:9:32)
    at /Users/chowonjae/Desktop/workplace/express/src/loaders/express.ts:40:29
    at Layer.handle [as handle_request] (/Users/chowonjae/Desktop/workplace/express/node_modules/express/lib/router/layer.js:95:5)
    at trim_prefix (/Users/chowonjae/Desktop/workplace/express/node_modules/express/lib/router/index.js:328:13)
    at /Users/chowonjae/Desktop/workplace/express/node_modules/express/lib/router/index.js:286:9
    at Function.process_params (/Users/chowonjae/Desktop/workplace/express/node_modules/express/lib/router/index.js:346:12)
    at next (/Users/chowonjae/Desktop/workplace/express/node_modules/express/lib/router/index.js:280:10)
    at LoggerMiddleware.use (/Users/chowonjae/Desktop/workplace/express/src/common/middleware/logger.middleware.ts:28:5)
    at /Users/chowonjae/Desktop/workplace/express/src/loaders/express.ts:33:22
    at Layer.handle [as handle_request] (/Users/chowonjae/Desktop/workplace/express/node_modules/express/lib/router/layer.js:95:5) Response: "success: false, msg: POST /api/users22 Not Found"
2023-08-09 15:20:46 [atant] error: POST /api/users22 404 Error: POST /api/users22 Not Found
    at NotFoundExceptionFilter.use (/Users/chowonjae/Desktop/workplace/express/src/common/filter/not-found.exception.filter.ts:9:32)
    at /Users/chowonjae/Desktop/workplace/express/src/loaders/express.ts:44:29
    at Layer.handle [as handle_request] (/Users/chowonjae/Desktop/workplace/express/node_modules/express/lib/router/layer.js:95:5)
    at trim_prefix (/Users/chowonjae/Desktop/workplace/express/node_modules/express/lib/router/index.js:328:13)
    at /Users/chowonjae/Desktop/workplace/express/node_modules/express/lib/router/index.js:286:9
    at Function.process_params (/Users/chowonjae/Desktop/workplace/express/node_modules/express/lib/router/index.js:346:12)
    at next (/Users/chowonjae/Desktop/workplace/express/node_modules/express/lib/router/index.js:280:10)
    at LoggerMiddleware.use (/Users/chowonjae/Desktop/workplace/express/src/common/middleware/logger.middleware.ts:28:5)
    at /Users/chowonjae/Desktop/workplace/express/src/loaders/express.ts:37:22
    at Layer.handle [as handle_request] (/Users/chowonjae/Desktop/workplace/express/node_modules/express/lib/router/layer.js:95:5) Response: "success: false, msg: POST /api/users22 Not Found"
2023-08-09 15:21:37 [atant] error: POST /api/users undefined Error: You have an error in your SQL syntax; check the manual that corresponds to your MySQL server version for the right syntax to use near ''user'' at line 1
    at PromisePoolConnection.query (/Users/chowonjae/Desktop/workplace/express/node_modules/mysql2/promise.js:94:22)
    at UserRepository.<anonymous> (/Users/chowonjae/Desktop/workplace/express/src/components/repository/base.repository.ts:25:44)
    at Generator.next (<anonymous>)
    at /Users/chowonjae/Desktop/workplace/express/src/components/repository/base.repository.ts:8:71
    at new Promise (<anonymous>)
    at __awaiter (/Users/chowonjae/Desktop/workplace/express/src/components/repository/base.repository.ts:4:12)
    at UserRepository.create (/Users/chowonjae/Desktop/workplace/express/src/components/repository/base.repository.ts:23:16)
    at UserService.<anonymous> (/Users/chowonjae/Desktop/workplace/express/src/components/user/service/user.service.ts:17:31)
    at Generator.next (<anonymous>)
    at fulfilled (/Users/chowonjae/Desktop/workplace/express/src/components/user/service/user.service.ts:14:58) Response: "success: false, msg: You have an error in your SQL syntax; check the manual that corresponds to your MySQL server version for the right syntax to use near ''user'' at line 1"
