2023-08-09 13:57:05 [atant] info: REQUEST [POST /api/users] ::1 PostmanRuntime/7.32.3 has been excuted
2023-08-09 14:00:27 [atant] info: Server is running on port 6000
2023-08-09 14:01:46 [atant] info: 游내 [SLACK-API][local] Started at: 1691557306415
2023-08-09 14:01:46 [atant] info: 游 Server open at http://localhost:6000
2023-08-09 14:01:56 [atant] info: 游내 [Express-API][local] Started at: 1691557316924
2023-08-09 14:01:56 [atant] info: 游 Server open at http://localhost:6000
2023-08-09 14:06:25 [atant] info: 游내 [Express-API][local] Started at: 1691557585419
2023-08-09 14:06:25 [atant] info: 游 Server open at http://localhost:6000
2023-08-09 14:07:10 [atant] info: 游내 [Express-API][local] Started at: 1691557630617
2023-08-09 14:07:10 [atant] info: 游 Server open at http://localhost:6000
2023-08-09 14:07:27 [atant] info: 游내 [Express-API][local] Started at: 1691557647244
2023-08-09 14:07:27 [atant] info: 游 Server open at http://localhost:6000
2023-08-09 14:07:48 [atant] info: 游내 [Express-API][local] Started at: 1691557668698
2023-08-09 14:07:48 [atant] info: 游 Server open at http://localhost:6000
2023-08-09 14:08:13 [atant] info: 游내 [Express-API][local] Started at: 1691557693327
2023-08-09 14:08:13 [atant] info: 游 Server open at http://localhost:6000
2023-08-09 14:08:20 [atant] info: 游내 [Express-API][local] Started at: 1691557700337
2023-08-09 14:08:20 [atant] info: 游 Server open at http://localhost:6000
2023-08-09 14:08:52 [atant] info: 游내 [Express-API][local] Started at: 1691557732384
2023-08-09 14:08:52 [atant] info: 游 Server open at http://localhost:6000
2023-08-09 14:08:57 [atant] info: 游내 [Express-API][local] Started at: 1691557737350
2023-08-09 14:08:57 [atant] info: 游 Server open at http://localhost:6000
2023-08-09 14:09:09 [atant] info: REQUEST [POST /api/users] ::1 PostmanRuntime/7.32.3 has been excuted
2023-08-09 14:09:09 [atant] info: uncaughtException (Node is alive): You have an error in your SQL syntax; check the manual that corresponds to your MySQL server version for the right syntax to use near ''user'' at line 1
2023-08-09 14:09:55 [atant] info: 游내 [Express-API][local] Started at: 1691557795198
2023-08-09 14:09:55 [atant] info: 游 Server open at http://localhost:6000
2023-08-09 14:10:09 [atant] info: REQUEST [POST /api/users] ::1 PostmanRuntime/7.32.3 has been excuted
2023-08-09 14:10:09 [atant] info: uncaughtException (Node is alive): You have an error in your SQL syntax; check the manual that corresponds to your MySQL server version for the right syntax to use near ''user'' at line 1
2023-08-09 14:12:21 [atant] info: 游내 [Express-API][local] Started at: 1691557941902
2023-08-09 14:12:21 [atant] info: 游 Server open at http://localhost:6000
2023-08-09 14:12:59 [atant] info: 游내 [Express-API][local] Started at: 1691557979295
2023-08-09 14:12:59 [atant] info: 游 Server open at http://localhost:6000
2023-08-09 14:13:43 [atant] info: 游내 [Express-API][local] Started at: 1691558023582
2023-08-09 14:13:43 [atant] info: 游 Server open at http://localhost:6000
2023-08-09 14:13:47 [atant] info: REQUEST [POST /api/users] ::1 PostmanRuntime/7.32.3 has been excuted
2023-08-09 14:13:47 [atant] error: POST /api/users undefined Error: You have an error in your SQL syntax; check the manual that corresponds to your MySQL server version for the right syntax to use near ''user'' at line 1
    at PromisePoolConnection.query (/Users/chowonjae/Desktop/workplace/express/node_modules/mysql2/promise.js:94:22)
    at UserRepository.<anonymous> (/Users/chowonjae/Desktop/workplace/express/src/components/repository/base.repository.ts:25:44)
    at Generator.next (<anonymous>)
    at /Users/chowonjae/Desktop/workplace/express/src/components/repository/base.repository.ts:8:71
    at new Promise (<anonymous>)
    at __awaiter (/Users/chowonjae/Desktop/workplace/express/src/components/repository/base.repository.ts:4:12)
    at UserRepository.create (/Users/chowonjae/Desktop/workplace/express/src/components/repository/base.repository.ts:23:16)
    at UserService.<anonymous> (/Users/chowonjae/Desktop/workplace/express/src/components/user/service/user.service.ts:17:31)
    at Generator.next (<anonymous>)
    at fulfilled (/Users/chowonjae/Desktop/workplace/express/src/components/user/service/user.service.ts:14:58) Response: "success: false, msg: You have an error in your SQL syntax; check the manual that corresponds to your MySQL server version for the right syntax to use near ''user'' at line 1"
2023-08-09 14:16:02 [atant] info: 游내 [Express-API][local] Started at: 1691558162117
2023-08-09 14:16:02 [atant] info: 游 Server open at http://localhost:6000
2023-08-09 14:16:07 [atant] info: 游내 [Express-API][local] Started at: 1691558167689
2023-08-09 14:16:07 [atant] info: 游 Server open at http://localhost:6000
2023-08-09 14:16:19 [atant] info: 游내 [Express-API][local] Started at: 1691558179788
2023-08-09 14:16:19 [atant] info: 游 Server open at http://localhost:6000
2023-08-09 14:19:43 [atant] info: 游내 [Express-API][local] Started at: 1691558383586
2023-08-09 14:19:43 [atant] info: 游 Server open at http://localhost:6000
2023-08-09 14:19:56 [atant] info: 游내 [Express-API][local] Started at: 1691558396290
2023-08-09 14:19:56 [atant] info: 游 Server open at http://localhost:6000
2023-08-09 14:20:00 [atant] info: 游내 [Express-API][local] Started at: 1691558400742
2023-08-09 14:20:00 [atant] info: 游 Server open at http://localhost:6000
2023-08-09 14:20:05 [atant] info: REQUEST [POST /api/users] ::1 PostmanRuntime/7.32.3 has been excuted
2023-08-09 14:20:05 [atant] error: POST /api/users undefined Error: You have an error in your SQL syntax; check the manual that corresponds to your MySQL server version for the right syntax to use near ''user'' at line 1
    at PromisePoolConnection.query (/Users/chowonjae/Desktop/workplace/express/node_modules/mysql2/promise.js:94:22)
    at UserRepository.<anonymous> (/Users/chowonjae/Desktop/workplace/express/src/components/repository/base.repository.ts:25:44)
    at Generator.next (<anonymous>)
    at /Users/chowonjae/Desktop/workplace/express/src/components/repository/base.repository.ts:8:71
    at new Promise (<anonymous>)
    at __awaiter (/Users/chowonjae/Desktop/workplace/express/src/components/repository/base.repository.ts:4:12)
    at UserRepository.create (/Users/chowonjae/Desktop/workplace/express/src/components/repository/base.repository.ts:23:16)
    at UserService.<anonymous> (/Users/chowonjae/Desktop/workplace/express/src/components/user/service/user.service.ts:17:31)
    at Generator.next (<anonymous>)
    at fulfilled (/Users/chowonjae/Desktop/workplace/express/src/components/user/service/user.service.ts:14:58) Response: "success: false, msg: You have an error in your SQL syntax; check the manual that corresponds to your MySQL server version for the right syntax to use near ''user'' at line 1"
2023-08-09 14:20:11 [atant] info: 游내 [Express-API][local] Started at: 1691558411161
2023-08-09 14:20:11 [atant] info: 游 Server open at http://localhost:6000
2023-08-09 14:20:12 [atant] info: REQUEST [POST /api/users] ::1 PostmanRuntime/7.32.3 has been excuted
2023-08-09 14:20:12 [atant] error: POST /api/users undefined Error: You have an error in your SQL syntax; check the manual that corresponds to your MySQL server version for the right syntax to use near ''user'' at line 1
    at PromisePoolConnection.query (/Users/chowonjae/Desktop/workplace/express/node_modules/mysql2/promise.js:94:22)
    at UserRepository.<anonymous> (/Users/chowonjae/Desktop/workplace/express/src/components/repository/base.repository.ts:25:44)
    at Generator.next (<anonymous>)
    at /Users/chowonjae/Desktop/workplace/express/src/components/repository/base.repository.ts:8:71
    at new Promise (<anonymous>)
    at __awaiter (/Users/chowonjae/Desktop/workplace/express/src/components/repository/base.repository.ts:4:12)
    at UserRepository.create (/Users/chowonjae/Desktop/workplace/express/src/components/repository/base.repository.ts:23:16)
    at UserService.<anonymous> (/Users/chowonjae/Desktop/workplace/express/src/components/user/service/user.service.ts:17:31)
    at Generator.next (<anonymous>)
    at fulfilled (/Users/chowonjae/Desktop/workplace/express/src/components/user/service/user.service.ts:14:58) Response: "success: false, msg: You have an error in your SQL syntax; check the manual that corresponds to your MySQL server version for the right syntax to use near ''user'' at line 1"
2023-08-09 14:22:11 [atant] info: 游내 [Express-API][local] Started at: 1691558531067
2023-08-09 14:22:11 [atant] info: 游 Server open at http://localhost:6000
2023-08-09 14:22:24 [atant] info: 游내 [Express-API][local] Started at: 1691558544714
2023-08-09 14:22:24 [atant] info: 游 Server open at http://localhost:6000
2023-08-09 14:23:02 [atant] info: 游내 [Express-API][local] Started at: 1691558582550
2023-08-09 14:23:02 [atant] info: 游 Server open at http://localhost:6000
2023-08-09 14:23:10 [atant] info: 游내 [Express-API][local] Started at: 1691558590875
2023-08-09 14:23:10 [atant] info: 游 Server open at http://localhost:6000
2023-08-09 14:23:17 [atant] info: 游내 [Express-API][local] Started at: 1691558597088
2023-08-09 14:23:17 [atant] info: 游 Server open at http://localhost:6000
2023-08-09 14:23:19 [atant] info: 游내 [Express-API][local] Started at: 1691558599488
2023-08-09 14:23:19 [atant] info: 游 Server open at http://localhost:6000
2023-08-09 14:23:39 [atant] info: 游내 [Express-API][local] Started at: 1691558619824
2023-08-09 14:23:39 [atant] info: 游 Server open at http://localhost:6000
2023-08-09 14:23:49 [atant] info: 游내 [Express-API][local] Started at: 1691558629482
2023-08-09 14:23:49 [atant] info: 游 Server open at http://localhost:6000
2023-08-09 14:24:03 [atant] info: 游내 [Express-API][local] Started at: 1691558643543
2023-08-09 14:24:03 [atant] info: 游 Server open at http://localhost:6000
2023-08-09 14:24:17 [atant] info: 游내 [Express-API][local] Started at: 1691558657679
2023-08-09 14:24:17 [atant] info: 游 Server open at http://localhost:6000
2023-08-09 14:24:36 [atant] info: 游내 [Express-API][local] Started at: 1691558676281
2023-08-09 14:24:36 [atant] info: 游 Server open at http://localhost:6000
2023-08-09 14:24:43 [atant] info: REQUEST [POST /api/users] ::1 PostmanRuntime/7.32.3 has been excuted
2023-08-09 14:24:43 [atant] error: POST /api/users undefined Error: You have an error in your SQL syntax; check the manual that corresponds to your MySQL server version for the right syntax to use near ''user'' at line 1
    at PromisePoolConnection.query (/Users/chowonjae/Desktop/workplace/express/node_modules/mysql2/promise.js:94:22)
    at UserRepository.<anonymous> (/Users/chowonjae/Desktop/workplace/express/src/components/repository/base.repository.ts:25:44)
    at Generator.next (<anonymous>)
    at /Users/chowonjae/Desktop/workplace/express/src/components/repository/base.repository.ts:8:71
    at new Promise (<anonymous>)
    at __awaiter (/Users/chowonjae/Desktop/workplace/express/src/components/repository/base.repository.ts:4:12)
    at UserRepository.create (/Users/chowonjae/Desktop/workplace/express/src/components/repository/base.repository.ts:23:16)
    at UserService.<anonymous> (/Users/chowonjae/Desktop/workplace/express/src/components/user/service/user.service.ts:17:31)
    at Generator.next (<anonymous>)
    at fulfilled (/Users/chowonjae/Desktop/workplace/express/src/components/user/service/user.service.ts:14:58) Response: "success: false, msg: You have an error in your SQL syntax; check the manual that corresponds to your MySQL server version for the right syntax to use near ''user'' at line 1"
2023-08-09 14:25:00 [atant] info: 游내 [Express-API][local] Started at: 1691558700337
2023-08-09 14:25:00 [atant] info: 游 Server open at http://localhost:6000
2023-08-09 14:25:02 [atant] info: REQUEST [POST /api/users] ::1 PostmanRuntime/7.32.3 has been excuted
2023-08-09 14:25:02 [atant] error: POST /api/users undefined Error: You have an error in your SQL syntax; check the manual that corresponds to your MySQL server version for the right syntax to use near ''user'' at line 1
    at PromisePoolConnection.query (/Users/chowonjae/Desktop/workplace/express/node_modules/mysql2/promise.js:94:22)
    at UserRepository.<anonymous> (/Users/chowonjae/Desktop/workplace/express/src/components/repository/base.repository.ts:25:44)
    at Generator.next (<anonymous>)
    at /Users/chowonjae/Desktop/workplace/express/src/components/repository/base.repository.ts:8:71
    at new Promise (<anonymous>)
    at __awaiter (/Users/chowonjae/Desktop/workplace/express/src/components/repository/base.repository.ts:4:12)
    at UserRepository.create (/Users/chowonjae/Desktop/workplace/express/src/components/repository/base.repository.ts:23:16)
    at UserService.<anonymous> (/Users/chowonjae/Desktop/workplace/express/src/components/user/service/user.service.ts:17:31)
    at Generator.next (<anonymous>)
    at fulfilled (/Users/chowonjae/Desktop/workplace/express/src/components/user/service/user.service.ts:14:58) Response: "success: false, msg: You have an error in your SQL syntax; check the manual that corresponds to your MySQL server version for the right syntax to use near ''user'' at line 1"
2023-08-09 14:26:15 [atant] info: 游내 [Express-API][local] Started at: 1691558775488
2023-08-09 14:26:15 [atant] info: 游 Server open at http://localhost:6000
2023-08-09 14:26:23 [atant] info: REQUEST [POST /api/users] ::1 PostmanRuntime/7.32.3 has been excuted
2023-08-09 14:26:23 [atant] error: POST /api/users undefined TypeError: userController.createUser is not a function
    at /Users/chowonjae/Desktop/workplace/express/src/components/user/router/user.router.ts:14:20
    at Layer.handle [as handle_request] (/Users/chowonjae/Desktop/workplace/express/node_modules/express/lib/router/layer.js:95:5)
    at next (/Users/chowonjae/Desktop/workplace/express/node_modules/express/lib/router/route.js:144:13)
    at validatorErrorChecker (/Users/chowonjae/Desktop/workplace/express/src/common/validation/index.ts:18:3)
    at Layer.handle [as handle_request] (/Users/chowonjae/Desktop/workplace/express/node_modules/express/lib/router/layer.js:95:5)
    at next (/Users/chowonjae/Desktop/workplace/express/node_modules/express/lib/router/route.js:144:13)
    at middleware (/Users/chowonjae/Desktop/workplace/express/node_modules/express-validator/src/middlewares/check.js:16:13)
    at processTicksAndRejections (node:internal/process/task_queues:96:5) Response: "success: false, msg: userController.createUser is not a function"
2023-08-09 14:26:29 [atant] info: 游내 [Express-API][local] Started at: 1691558789064
2023-08-09 14:26:29 [atant] info: 游 Server open at http://localhost:6000
2023-08-09 14:27:44 [atant] info: 游내 [Express-API][local] Started at: 1691558864733
2023-08-09 14:27:44 [atant] info: 游 Server open at http://localhost:6000
2023-08-09 14:28:00 [atant] info: 游내 [Express-API][local] Started at: 1691558880086
2023-08-09 14:28:00 [atant] info: 游 Server open at http://localhost:6000
2023-08-09 14:29:02 [atant] info: 游내 [Express-API][local] Started at: 1691558942546
2023-08-09 14:29:02 [atant] info: 游 Server open at http://localhost:6000
2023-08-09 14:29:19 [atant] info: 游내 [Express-API][local] Started at: 1691558959618
2023-08-09 14:29:19 [atant] info: 游 Server open at http://localhost:6000
2023-08-09 14:30:09 [atant] info: 游내 [Express-API][local] Started at: 1691559009086
2023-08-09 14:30:09 [atant] info: 游 Server open at http://localhost:6000
2023-08-09 14:30:18 [atant] info: 游내 [Express-API][local] Started at: 1691559018604
2023-08-09 14:30:18 [atant] info: 游 Server open at http://localhost:6000
2023-08-09 14:32:33 [atant] info: 游내 [Express-API][local] Started at: 1691559153389
2023-08-09 14:32:33 [atant] info: 游 Server open at http://localhost:6000
2023-08-09 14:32:36 [atant] info: 游내 [Express-API][local] Started at: 1691559156774
2023-08-09 14:32:36 [atant] info: 游 Server open at http://localhost:6000
2023-08-09 14:32:58 [atant] info: 游내 [Express-API][local] Started at: 1691559178731
2023-08-09 14:32:58 [atant] info: 游 Server open at http://localhost:6000
2023-08-09 14:33:02 [atant] info: REQUEST [POST /api/users] ::1 PostmanRuntime/7.32.3 has been excuted
2023-08-09 14:33:02 [atant] error: POST /api/users undefined TypeError: this.userService.createUser is not a function
    at UserController.<anonymous> (/Users/chowonjae/Desktop/workplace/express/src/components/user/controller/user.controller.ts:20:28)
    at Generator.next (<anonymous>)
    at /Users/chowonjae/Desktop/workplace/express/src/components/user/controller/user.controller.ts:17:71
    at new Promise (<anonymous>)
    at __awaiter (/Users/chowonjae/Desktop/workplace/express/src/components/user/controller/user.controller.ts:13:12)
    at UserController.createUser (/Users/chowonjae/Desktop/workplace/express/src/components/user/controller/user.controller.ts:35:16)
    at UserController.<anonymous> (/Users/chowonjae/Desktop/workplace/express/src/common/decorator/try-catch.class.decorator.ts:24:35)
    at Generator.next (<anonymous>)
    at /Users/chowonjae/Desktop/workplace/express/src/common/decorator/try-catch.class.decorator.ts:8:71
    at new Promise (<anonymous>) Response: "success: false, msg: this.userService.createUser is not a function"
2023-08-09 14:33:52 [atant] info: 游내 [Express-API][local] Started at: 1691559232206
2023-08-09 14:33:52 [atant] info: 游 Server open at http://localhost:6000
2023-08-09 14:33:58 [atant] info: 游내 [Express-API][local] Started at: 1691559238883
2023-08-09 14:33:58 [atant] info: 游 Server open at http://localhost:6000
2023-08-09 14:34:02 [atant] info: 游내 [Express-API][local] Started at: 1691559242281
2023-08-09 14:34:02 [atant] info: 游 Server open at http://localhost:6000
2023-08-09 14:34:05 [atant] info: REQUEST [POST /api/users] ::1 PostmanRuntime/7.32.3 has been excuted
2023-08-09 14:34:05 [atant] error: POST /api/users undefined TypeError: this.userService.createUser is not a function
    at UserController.<anonymous> (/Users/chowonjae/Desktop/workplace/express/src/components/user/controller/user.controller.ts:20:28)
    at Generator.next (<anonymous>)
    at /Users/chowonjae/Desktop/workplace/express/src/components/user/controller/user.controller.ts:17:71
    at new Promise (<anonymous>)
    at __awaiter (/Users/chowonjae/Desktop/workplace/express/src/components/user/controller/user.controller.ts:13:12)
    at UserController.createUser (/Users/chowonjae/Desktop/workplace/express/src/components/user/controller/user.controller.ts:35:16)
    at UserController.<anonymous> (/Users/chowonjae/Desktop/workplace/express/src/common/decorator/try-catch.class.decorator.ts:24:35)
    at Generator.next (<anonymous>)
    at /Users/chowonjae/Desktop/workplace/express/src/common/decorator/try-catch.class.decorator.ts:8:71
    at new Promise (<anonymous>) Response: "success: false, msg: this.userService.createUser is not a function"
2023-08-09 14:38:51 [atant] info: 游내 [Express-API][local] Started at: 1691559531016
2023-08-09 14:38:51 [atant] info: 游 Server open at http://localhost:6000
2023-08-09 14:38:55 [atant] info: REQUEST [POST /api/users] ::1 PostmanRuntime/7.32.3 has been excuted
2023-08-09 14:38:55 [atant] error: POST /api/users undefined TypeError: this.userService.createUser is not a function
    at UserController.<anonymous> (/Users/chowonjae/Desktop/workplace/express/src/components/user/controller/user.controller.ts:20:28)
    at Generator.next (<anonymous>)
    at /Users/chowonjae/Desktop/workplace/express/src/components/user/controller/user.controller.ts:17:71
    at new Promise (<anonymous>)
    at __awaiter (/Users/chowonjae/Desktop/workplace/express/src/components/user/controller/user.controller.ts:13:12)
    at UserController.createUser (/Users/chowonjae/Desktop/workplace/express/src/components/user/controller/user.controller.ts:35:16)
    at UserController.<anonymous> (/Users/chowonjae/Desktop/workplace/express/src/common/decorator/try-catch.class.decorator.ts:27:35)
    at Generator.next (<anonymous>)
    at /Users/chowonjae/Desktop/workplace/express/src/common/decorator/try-catch.class.decorator.ts:8:71
    at new Promise (<anonymous>) Response: "success: false, msg: this.userService.createUser is not a function"
2023-08-09 14:39:00 [atant] info: 游내 [Express-API][local] Started at: 1691559540318
2023-08-09 14:39:00 [atant] info: 游 Server open at http://localhost:6000
2023-08-09 14:41:12 [atant] info: 游내 [Express-API][local] Started at: 1691559672578
2023-08-09 14:41:12 [atant] info: 游 Server open at http://localhost:6000
2023-08-09 14:41:31 [atant] info: 游내 [Express-API][local] Started at: 1691559691117
2023-08-09 14:41:31 [atant] info: 游 Server open at http://localhost:6000
2023-08-09 14:42:10 [atant] info: 游내 [Express-API][local] Started at: 1691559730535
2023-08-09 14:42:10 [atant] info: 游 Server open at http://localhost:6000
2023-08-09 14:42:19 [atant] info: 游내 [Express-API][local] Started at: 1691559739794
2023-08-09 14:42:19 [atant] info: 游 Server open at http://localhost:6000
2023-08-09 14:42:24 [atant] info: REQUEST [POST /api/users] ::1 PostmanRuntime/7.32.3 has been excuted
2023-08-09 14:42:24 [atant] error: POST /api/users undefined TypeError: Cannot read properties of undefined (reading 'createUser')
    at Function.<anonymous> (/Users/chowonjae/Desktop/workplace/express/src/components/user/controller/user.controller.ts:20:28)
    at Generator.next (<anonymous>)
    at /Users/chowonjae/Desktop/workplace/express/src/components/user/controller/user.controller.ts:17:71
    at new Promise (<anonymous>)
    at __awaiter (/Users/chowonjae/Desktop/workplace/express/src/components/user/controller/user.controller.ts:13:12)
    at Function.createUser (/Users/chowonjae/Desktop/workplace/express/src/components/user/controller/user.controller.ts:35:16)
    at UserController.<anonymous> (/Users/chowonjae/Desktop/workplace/express/src/common/decorator/try-catch.class.decorator.ts:33:35)
    at Generator.next (<anonymous>)
    at /Users/chowonjae/Desktop/workplace/express/src/common/decorator/try-catch.class.decorator.ts:8:71
    at new Promise (<anonymous>) Response: "success: false, msg: Cannot read properties of undefined (reading 'createUser')"
2023-08-09 14:42:54 [atant] info: 游내 [Express-API][local] Started at: 1691559774767
2023-08-09 14:42:54 [atant] info: 游 Server open at http://localhost:6000
2023-08-09 14:42:54 [atant] info: REQUEST [POST /api/users] ::1 PostmanRuntime/7.32.3 has been excuted
2023-08-09 14:42:54 [atant] error: POST /api/users undefined TypeError: this.userService.createUser is not a function
    at UserController.<anonymous> (/Users/chowonjae/Desktop/workplace/express/src/components/user/controller/user.controller.ts:20:28)
    at Generator.next (<anonymous>)
    at /Users/chowonjae/Desktop/workplace/express/src/components/user/controller/user.controller.ts:17:71
    at new Promise (<anonymous>)
    at __awaiter (/Users/chowonjae/Desktop/workplace/express/src/components/user/controller/user.controller.ts:13:12)
    at UserController.createUser (/Users/chowonjae/Desktop/workplace/express/src/components/user/controller/user.controller.ts:35:16)
    at UserController.<anonymous> (/Users/chowonjae/Desktop/workplace/express/src/common/decorator/try-catch.class.decorator.ts:33:35)
    at Generator.next (<anonymous>)
    at /Users/chowonjae/Desktop/workplace/express/src/common/decorator/try-catch.class.decorator.ts:8:71
    at new Promise (<anonymous>) Response: "success: false, msg: this.userService.createUser is not a function"
2023-08-09 14:43:12 [atant] info: 游내 [Express-API][local] Started at: 1691559792057
2023-08-09 14:43:12 [atant] info: 游 Server open at http://localhost:6000
2023-08-09 14:43:19 [atant] info: 游내 [Express-API][local] Started at: 1691559799221
2023-08-09 14:43:19 [atant] info: 游 Server open at http://localhost:6000
2023-08-09 14:44:03 [atant] info: 游내 [Express-API][local] Started at: 1691559843409
2023-08-09 14:44:03 [atant] info: 游 Server open at http://localhost:6000
2023-08-09 14:44:22 [atant] info: 游내 [Express-API][local] Started at: 1691559862038
2023-08-09 14:44:22 [atant] info: 游 Server open at http://localhost:6000
2023-08-09 14:44:23 [atant] info: 游내 [Express-API][local] Started at: 1691559863805
2023-08-09 14:44:23 [atant] info: 游 Server open at http://localhost:6000
2023-08-09 14:44:30 [atant] info: 游내 [Express-API][local] Started at: 1691559870854
2023-08-09 14:44:30 [atant] info: 游 Server open at http://localhost:6000
2023-08-09 14:44:47 [atant] info: 游내 [Express-API][local] Started at: 1691559887833
2023-08-09 14:44:47 [atant] info: 游 Server open at http://localhost:6000
2023-08-09 14:45:27 [atant] info: 游내 [Express-API][local] Started at: 1691559927439
2023-08-09 14:45:27 [atant] info: 游 Server open at http://localhost:6000
2023-08-09 14:45:31 [atant] info: REQUEST [POST /api/users] ::1 PostmanRuntime/7.32.3 has been excuted
2023-08-09 14:45:31 [atant] error: POST /api/users undefined TypeError: this.userService.createUser is not a function
    at UserController.<anonymous> (/Users/chowonjae/Desktop/workplace/express/src/components/user/controller/user.controller.ts:20:28)
    at Generator.next (<anonymous>)
    at /Users/chowonjae/Desktop/workplace/express/src/components/user/controller/user.controller.ts:17:71
    at new Promise (<anonymous>)
    at __awaiter (/Users/chowonjae/Desktop/workplace/express/src/components/user/controller/user.controller.ts:13:12)
    at UserController.createUser (/Users/chowonjae/Desktop/workplace/express/src/components/user/controller/user.controller.ts:35:16)
    at UserController.<anonymous> (/Users/chowonjae/Desktop/workplace/express/src/common/decorator/try-catch.class.decorator.ts:35:35)
    at Generator.next (<anonymous>)
    at /Users/chowonjae/Desktop/workplace/express/src/common/decorator/try-catch.class.decorator.ts:8:71
    at new Promise (<anonymous>) Response: "success: false, msg: this.userService.createUser is not a function"
2023-08-09 14:46:11 [atant] info: 游내 [Express-API][local] Started at: 1691559971118
2023-08-09 14:46:11 [atant] info: 游 Server open at http://localhost:6000
2023-08-09 14:46:12 [atant] info: 游내 [Express-API][local] Started at: 1691559972455
2023-08-09 14:46:12 [atant] info: 游 Server open at http://localhost:6000
2023-08-09 14:46:17 [atant] info: 游내 [Express-API][local] Started at: 1691559977190
2023-08-09 14:46:17 [atant] info: 游 Server open at http://localhost:6000
2023-08-09 14:56:54 [atant] info: 游내 [Express-API][local] Started at: 1691560614439
2023-08-09 14:56:54 [atant] info: 游 Server open at http://localhost:6000
2023-08-09 14:57:01 [atant] info: 游내 [Express-API][local] Started at: 1691560621572
2023-08-09 14:57:01 [atant] info: 游 Server open at http://localhost:6000
2023-08-09 14:57:04 [atant] info: REQUEST [POST /api/users] ::1 PostmanRuntime/7.32.3 has been excuted
2023-08-09 14:57:04 [atant] error: POST /api/users undefined Error: You have an error in your SQL syntax; check the manual that corresponds to your MySQL server version for the right syntax to use near ''user'' at line 1
    at PromisePoolConnection.query (/Users/chowonjae/Desktop/workplace/express/node_modules/mysql2/promise.js:94:22)
    at UserRepository.<anonymous> (/Users/chowonjae/Desktop/workplace/express/src/components/repository/base.repository.ts:25:44)
    at Generator.next (<anonymous>)
    at /Users/chowonjae/Desktop/workplace/express/src/components/repository/base.repository.ts:8:71
    at new Promise (<anonymous>)
    at __awaiter (/Users/chowonjae/Desktop/workplace/express/src/components/repository/base.repository.ts:4:12)
    at UserRepository.create (/Users/chowonjae/Desktop/workplace/express/src/components/repository/base.repository.ts:23:16)
    at UserService.<anonymous> (/Users/chowonjae/Desktop/workplace/express/src/components/user/service/user.service.ts:17:31)
    at Generator.next (<anonymous>)
    at fulfilled (/Users/chowonjae/Desktop/workplace/express/src/components/user/service/user.service.ts:14:58) Response: "success: false, msg: You have an error in your SQL syntax; check the manual that corresponds to your MySQL server version for the right syntax to use near ''user'' at line 1"
2023-08-09 14:57:37 [atant] info: 游내 [Express-API][local] Started at: 1691560657270
2023-08-09 14:57:37 [atant] info: 游 Server open at http://localhost:6000
2023-08-09 14:57:50 [atant] info: 游내 [Express-API][local] Started at: 1691560670990
2023-08-09 14:57:50 [atant] info: 游 Server open at http://localhost:6000
